<?xml version="1.0" encoding="UTF-8"?>
<!-- Generated by org.testng.reporters.JUnitXMLReporter -->
<testsuite ignored="0" hostname="DESKTOP-INPJBSU" failures="0" tests="5" name="ChromeTest" time="39.922" errors="0" timestamp="2022-08-06T01:55:59 IST">
  <testcase classname="com.SauceDemo.TestClasses.VerifyLogOut" name="Logout" time="4.449"/>
  <testcase classname="com.SauceDemo.TestClasses.VerifyAddToCartProducts" name="addtocart" time="1.882"/>
  <testcase classname="com.SauceDemo.TestClasses.VerifyAddtoCartMultiProducts" name="addtocartMultiproducts" time="3.964"/>
  <testcase classname="com.SauceDemo.TestClasses.VerifyHomePage" name="homepage" time="2.406"/>
  <testcase classname="com.SauceDemo.TestClasses.VerifyLoginpage" name="loginFunctionality" time="0.062"/>
</testsuite> <!-- ChromeTest -->
