<?xml version="1.0" encoding="UTF-8"?>
<!-- Generated by org.testng.reporters.JUnitXMLReporter -->
<testsuite ignored="0" hostname="DESKTOP-INPJBSU" failures="0" tests="5" name="FirefoxTest" time="61.432" errors="0" timestamp="2022-08-06T01:57:01 IST">
  <testcase classname="com.SauceDemo.TestClasses.VerifyAddToCartProducts" name="addtocart" time="1.093"/>
  <testcase classname="com.SauceDemo.TestClasses.VerifyLoginpage" name="loginFunctionality" time="0.343"/>
  <testcase classname="com.SauceDemo.TestClasses.VerifyHomePage" name="homepage" time="5.207"/>
  <testcase classname="com.SauceDemo.TestClasses.VerifyLogOut" name="Logout" time="3.301"/>
  <testcase classname="com.SauceDemo.TestClasses.VerifyAddtoCartMultiProducts" name="addtocartMultiproducts" time="7.68"/>
</testsuite> <!-- FirefoxTest -->
