<?xml version="1.0" encoding="UTF-8"?>
<testng-results ignored="0" total="10" passed="10" failed="0" skipped="0">
  <reporter-output>
  </reporter-output>
  <suite started-at="2022-08-06T01:55:19 IST" name="Suite" finished-at="2022-08-06T01:57:01 IST" duration-ms="101441">
    <groups>
    </groups>
    <test started-at="2022-08-06T01:55:19 IST" name="ChromeTest" finished-at="2022-08-06T01:55:59 IST" duration-ms="39922">
      <class name="com.SauceDemo.TestClasses.VerifyHomePage">
        <test-method is-config="true" signature="Login(java.lang.String)[pri:0, instance:com.SauceDemo.TestClasses.VerifyHomePage@42e99e4a]" started-at="2022-08-06T01:55:20 IST" name="Login" finished-at="2022-08-06T01:55:55 IST" duration-ms="35799" status="PASS">
          <params>
            <param index="0">
              <value>
                <![CDATA[chrome]]>
              </value>
            </param>
          </params>
          <reporter-output>
          </reporter-output>
        </test-method> <!-- Login -->
        <test-method signature="homepage()[pri:0, instance:com.SauceDemo.TestClasses.VerifyHomePage@42e99e4a]" started-at="2022-08-06T01:55:55 IST" name="homepage" finished-at="2022-08-06T01:55:58 IST" duration-ms="2406" status="PASS">
          <reporter-output>
          </reporter-output>
        </test-method> <!-- homepage -->
        <test-method is-config="true" signature="teardown()[pri:0, instance:com.SauceDemo.TestClasses.VerifyHomePage@42e99e4a]" started-at="2022-08-06T01:55:58 IST" name="teardown" finished-at="2022-08-06T01:55:59 IST" duration-ms="1370" status="PASS">
          <reporter-output>
          </reporter-output>
        </test-method> <!-- teardown -->
      </class> <!-- com.SauceDemo.TestClasses.VerifyHomePage -->
      <class name="com.SauceDemo.TestClasses.VerifyAddToCartProducts">
        <test-method is-config="true" signature="Login(java.lang.String)[pri:0, instance:com.SauceDemo.TestClasses.VerifyAddToCartProducts@14dd9eb7]" started-at="2022-08-06T01:55:20 IST" name="Login" finished-at="2022-08-06T01:55:54 IST" duration-ms="34683" status="PASS">
          <params>
            <param index="0">
              <value>
                <![CDATA[chrome]]>
              </value>
            </param>
          </params>
          <reporter-output>
          </reporter-output>
        </test-method> <!-- Login -->
        <test-method signature="addtocart()[pri:0, instance:com.SauceDemo.TestClasses.VerifyAddToCartProducts@14dd9eb7]" started-at="2022-08-06T01:55:54 IST" name="addtocart" finished-at="2022-08-06T01:55:56 IST" duration-ms="1882" status="PASS">
          <reporter-output>
          </reporter-output>
        </test-method> <!-- addtocart -->
        <test-method is-config="true" signature="teardown()[pri:0, instance:com.SauceDemo.TestClasses.VerifyAddToCartProducts@14dd9eb7]" started-at="2022-08-06T01:55:56 IST" name="teardown" finished-at="2022-08-06T01:55:58 IST" duration-ms="2241" status="PASS">
          <reporter-output>
          </reporter-output>
        </test-method> <!-- teardown -->
      </class> <!-- com.SauceDemo.TestClasses.VerifyAddToCartProducts -->
      <class name="com.SauceDemo.TestClasses.VerifyAddtoCartMultiProducts">
        <test-method is-config="true" signature="Login(java.lang.String)[pri:0, instance:com.SauceDemo.TestClasses.VerifyAddtoCartMultiProducts@4d9e68d0]" started-at="2022-08-06T01:55:20 IST" name="Login" finished-at="2022-08-06T01:55:53 IST" duration-ms="33810" status="PASS">
          <params>
            <param index="0">
              <value>
                <![CDATA[chrome]]>
              </value>
            </param>
          </params>
          <reporter-output>
          </reporter-output>
        </test-method> <!-- Login -->
        <test-method signature="addtocartMultiproducts()[pri:0, instance:com.SauceDemo.TestClasses.VerifyAddtoCartMultiProducts@4d9e68d0]" started-at="2022-08-06T01:55:53 IST" name="addtocartMultiproducts" finished-at="2022-08-06T01:55:57 IST" duration-ms="3964" status="PASS">
          <reporter-output>
          </reporter-output>
        </test-method> <!-- addtocartMultiproducts -->
        <test-method is-config="true" signature="teardown()[pri:0, instance:com.SauceDemo.TestClasses.VerifyAddtoCartMultiProducts@4d9e68d0]" started-at="2022-08-06T01:55:57 IST" name="teardown" finished-at="2022-08-06T01:55:59 IST" duration-ms="1974" status="PASS">
          <reporter-output>
          </reporter-output>
        </test-method> <!-- teardown -->
      </class> <!-- com.SauceDemo.TestClasses.VerifyAddtoCartMultiProducts -->
      <class name="com.SauceDemo.TestClasses.VerifyLoginpage">
        <test-method is-config="true" signature="Login(java.lang.String)[pri:0, instance:com.SauceDemo.TestClasses.VerifyLoginpage@1d9b7cce]" started-at="2022-08-06T01:55:20 IST" name="Login" finished-at="2022-08-06T01:55:59 IST" duration-ms="39132" status="PASS">
          <params>
            <param index="0">
              <value>
                <![CDATA[chrome]]>
              </value>
            </param>
          </params>
          <reporter-output>
          </reporter-output>
        </test-method> <!-- Login -->
        <test-method signature="loginFunctionality()[pri:0, instance:com.SauceDemo.TestClasses.VerifyLoginpage@1d9b7cce]" started-at="2022-08-06T01:55:59 IST" name="loginFunctionality" finished-at="2022-08-06T01:55:59 IST" duration-ms="62" status="PASS">
          <reporter-output>
          </reporter-output>
        </test-method> <!-- loginFunctionality -->
        <test-method is-config="true" signature="teardown()[pri:0, instance:com.SauceDemo.TestClasses.VerifyLoginpage@1d9b7cce]" started-at="2022-08-06T01:55:59 IST" name="teardown" finished-at="2022-08-06T01:55:59 IST" duration-ms="606" status="PASS">
          <reporter-output>
          </reporter-output>
        </test-method> <!-- teardown -->
      </class> <!-- com.SauceDemo.TestClasses.VerifyLoginpage -->
      <class name="com.SauceDemo.TestClasses.VerifyLogOut">
        <test-method is-config="true" signature="Login(java.lang.String)[pri:0, instance:com.SauceDemo.TestClasses.VerifyLogOut@41fbdac4]" started-at="2022-08-06T01:55:20 IST" name="Login" finished-at="2022-08-06T01:55:51 IST" duration-ms="31587" status="PASS">
          <params>
            <param index="0">
              <value>
                <![CDATA[chrome]]>
              </value>
            </param>
          </params>
          <reporter-output>
          </reporter-output>
        </test-method> <!-- Login -->
        <test-method signature="Logout()[pri:0, instance:com.SauceDemo.TestClasses.VerifyLogOut@41fbdac4]" started-at="2022-08-06T01:55:51 IST" name="Logout" finished-at="2022-08-06T01:55:56 IST" duration-ms="4449" status="PASS">
          <reporter-output>
          </reporter-output>
        </test-method> <!-- Logout -->
        <test-method is-config="true" signature="teardown()[pri:0, instance:com.SauceDemo.TestClasses.VerifyLogOut@41fbdac4]" started-at="2022-08-06T01:55:56 IST" name="teardown" finished-at="2022-08-06T01:55:58 IST" duration-ms="2653" status="PASS">
          <reporter-output>
          </reporter-output>
        </test-method> <!-- teardown -->
      </class> <!-- com.SauceDemo.TestClasses.VerifyLogOut -->
    </test> <!-- ChromeTest -->
    <test started-at="2022-08-06T01:55:59 IST" name="FirefoxTest" finished-at="2022-08-06T01:57:01 IST" duration-ms="61432">
      <class name="com.SauceDemo.TestClasses.VerifyHomePage">
        <test-method is-config="true" signature="Login(java.lang.String)[pri:0, instance:com.SauceDemo.TestClasses.VerifyHomePage@2d7275fc]" started-at="2022-08-06T01:55:59 IST" name="Login" finished-at="2022-08-06T01:56:52 IST" duration-ms="52257" status="PASS">
          <params>
            <param index="0">
              <value>
                <![CDATA[chrome]]>
              </value>
            </param>
          </params>
          <reporter-output>
          </reporter-output>
        </test-method> <!-- Login -->
        <test-method signature="homepage()[pri:0, instance:com.SauceDemo.TestClasses.VerifyHomePage@2d7275fc]" started-at="2022-08-06T01:56:52 IST" name="homepage" finished-at="2022-08-06T01:56:57 IST" duration-ms="5207" status="PASS">
          <reporter-output>
          </reporter-output>
        </test-method> <!-- homepage -->
        <test-method is-config="true" signature="teardown()[pri:0, instance:com.SauceDemo.TestClasses.VerifyHomePage@2d7275fc]" started-at="2022-08-06T01:56:57 IST" name="teardown" finished-at="2022-08-06T01:57:01 IST" duration-ms="3724" status="PASS">
          <reporter-output>
          </reporter-output>
        </test-method> <!-- teardown -->
      </class> <!-- com.SauceDemo.TestClasses.VerifyHomePage -->
      <class name="com.SauceDemo.TestClasses.VerifyAddToCartProducts">
        <test-method is-config="true" signature="Login(java.lang.String)[pri:0, instance:com.SauceDemo.TestClasses.VerifyAddToCartProducts@399f45b1]" started-at="2022-08-06T01:55:59 IST" name="Login" finished-at="2022-08-06T01:56:47 IST" duration-ms="47302" status="PASS">
          <params>
            <param index="0">
              <value>
                <![CDATA[chrome]]>
              </value>
            </param>
          </params>
          <reporter-output>
          </reporter-output>
        </test-method> <!-- Login -->
        <test-method signature="addtocart()[pri:0, instance:com.SauceDemo.TestClasses.VerifyAddToCartProducts@399f45b1]" started-at="2022-08-06T01:56:47 IST" name="addtocart" finished-at="2022-08-06T01:56:48 IST" duration-ms="1093" status="PASS">
          <reporter-output>
          </reporter-output>
        </test-method> <!-- addtocart -->
        <test-method is-config="true" signature="teardown()[pri:0, instance:com.SauceDemo.TestClasses.VerifyAddToCartProducts@399f45b1]" started-at="2022-08-06T01:56:48 IST" name="teardown" finished-at="2022-08-06T01:57:01 IST" duration-ms="12806" status="PASS">
          <reporter-output>
          </reporter-output>
        </test-method> <!-- teardown -->
      </class> <!-- com.SauceDemo.TestClasses.VerifyAddToCartProducts -->
      <class name="com.SauceDemo.TestClasses.VerifyAddtoCartMultiProducts">
        <test-method is-config="true" signature="Login(java.lang.String)[pri:0, instance:com.SauceDemo.TestClasses.VerifyAddtoCartMultiProducts@72d1ad2e]" started-at="2022-08-06T01:55:59 IST" name="Login" finished-at="2022-08-06T01:56:51 IST" duration-ms="51881" status="PASS">
          <params>
            <param index="0">
              <value>
                <![CDATA[chrome]]>
              </value>
            </param>
          </params>
          <reporter-output>
          </reporter-output>
        </test-method> <!-- Login -->
        <test-method signature="addtocartMultiproducts()[pri:0, instance:com.SauceDemo.TestClasses.VerifyAddtoCartMultiProducts@72d1ad2e]" started-at="2022-08-06T01:56:51 IST" name="addtocartMultiproducts" finished-at="2022-08-06T01:56:59 IST" duration-ms="7680" status="PASS">
          <reporter-output>
          </reporter-output>
        </test-method> <!-- addtocartMultiproducts -->
        <test-method is-config="true" signature="teardown()[pri:0, instance:com.SauceDemo.TestClasses.VerifyAddtoCartMultiProducts@72d1ad2e]" started-at="2022-08-06T01:56:59 IST" name="teardown" finished-at="2022-08-06T01:57:01 IST" duration-ms="1771" status="PASS">
          <reporter-output>
          </reporter-output>
        </test-method> <!-- teardown -->
      </class> <!-- com.SauceDemo.TestClasses.VerifyAddtoCartMultiProducts -->
      <class name="com.SauceDemo.TestClasses.VerifyLoginpage">
        <test-method is-config="true" signature="Login(java.lang.String)[pri:0, instance:com.SauceDemo.TestClasses.VerifyLoginpage@595b007d]" started-at="2022-08-06T01:55:59 IST" name="Login" finished-at="2022-08-06T01:56:56 IST" duration-ms="56605" status="PASS">
          <params>
            <param index="0">
              <value>
                <![CDATA[chrome]]>
              </value>
            </param>
          </params>
          <reporter-output>
          </reporter-output>
        </test-method> <!-- Login -->
        <test-method signature="loginFunctionality()[pri:0, instance:com.SauceDemo.TestClasses.VerifyLoginpage@595b007d]" started-at="2022-08-06T01:56:56 IST" name="loginFunctionality" finished-at="2022-08-06T01:56:56 IST" duration-ms="343" status="PASS">
          <reporter-output>
          </reporter-output>
        </test-method> <!-- loginFunctionality -->
        <test-method is-config="true" signature="teardown()[pri:0, instance:com.SauceDemo.TestClasses.VerifyLoginpage@595b007d]" started-at="2022-08-06T01:56:56 IST" name="teardown" finished-at="2022-08-06T01:57:01 IST" duration-ms="4474" status="PASS">
          <reporter-output>
          </reporter-output>
        </test-method> <!-- teardown -->
      </class> <!-- com.SauceDemo.TestClasses.VerifyLoginpage -->
      <class name="com.SauceDemo.TestClasses.VerifyLogOut">
        <test-method is-config="true" signature="Login(java.lang.String)[pri:0, instance:com.SauceDemo.TestClasses.VerifyLogOut@5158b42f]" started-at="2022-08-06T01:55:59 IST" name="Login" finished-at="2022-08-06T01:56:54 IST" duration-ms="54992" status="PASS">
          <params>
            <param index="0">
              <value>
                <![CDATA[chrome]]>
              </value>
            </param>
          </params>
          <reporter-output>
          </reporter-output>
        </test-method> <!-- Login -->
        <test-method signature="Logout()[pri:0, instance:com.SauceDemo.TestClasses.VerifyLogOut@5158b42f]" started-at="2022-08-06T01:56:54 IST" name="Logout" finished-at="2022-08-06T01:56:58 IST" duration-ms="3301" status="PASS">
          <reporter-output>
          </reporter-output>
        </test-method> <!-- Logout -->
        <test-method is-config="true" signature="teardown()[pri:0, instance:com.SauceDemo.TestClasses.VerifyLogOut@5158b42f]" started-at="2022-08-06T01:56:58 IST" name="teardown" finished-at="2022-08-06T01:57:01 IST" duration-ms="2866" status="PASS">
          <reporter-output>
          </reporter-output>
        </test-method> <!-- teardown -->
      </class> <!-- com.SauceDemo.TestClasses.VerifyLogOut -->
    </test> <!-- FirefoxTest -->
  </suite> <!-- Suite -->
</testng-results>
